<?xml version="1.0" encoding="UTF-8"?>
<testng-results skipped="0" failed="0" ignored="0" total="4" passed="4">
  <reporter-output>
  </reporter-output>
  <suite name="Default suite" duration-ms="4863" started-at="2020-01-28T12:42:08 AEDT" finished-at="2020-01-28T12:42:12 AEDT">
    <groups>
    </groups>
    <test name="Default test" duration-ms="4863" started-at="2020-01-28T12:42:08 AEDT" finished-at="2020-01-28T12:42:12 AEDT">
      <class name="com.weather.tests.GetCityByPostCodeCountryTest">
        <test-method status="PASS" signature="testGetByPostCode()[pri:0, instance:com.weather.tests.GetCityByPostCodeCountryTest@6acdbdf5]" name="testGetByPostCode" duration-ms="2840" started-at="2020-01-28T12:42:08 AEDT" finished-at="2020-01-28T12:42:10 AEDT">
          <reporter-output>
          </reporter-output>
        </test-method> <!-- testGetByPostCode -->
        <test-method status="PASS" signature="testGetByPostCode2()[pri:0, instance:com.weather.tests.GetCityByPostCodeCountryTest@6acdbdf5]" name="testGetByPostCode2" duration-ms="768" started-at="2020-01-28T12:42:10 AEDT" finished-at="2020-01-28T12:42:11 AEDT">
          <reporter-output>
          </reporter-output>
        </test-method> <!-- testGetByPostCode2 -->
        <test-method status="PASS" signature="testGetByPostCode3()[pri:0, instance:com.weather.tests.GetCityByPostCodeCountryTest@6acdbdf5]" name="testGetByPostCode3" duration-ms="608" started-at="2020-01-28T12:42:11 AEDT" finished-at="2020-01-28T12:42:12 AEDT">
          <reporter-output>
          </reporter-output>
        </test-method> <!-- testGetByPostCode3 -->
        <test-method status="PASS" signature="testGetByPostCode4()[pri:0, instance:com.weather.tests.GetCityByPostCodeCountryTest@6acdbdf5]" name="testGetByPostCode4" duration-ms="607" started-at="2020-01-28T12:42:12 AEDT" finished-at="2020-01-28T12:42:12 AEDT">
          <reporter-output>
          </reporter-output>
        </test-method> <!-- testGetByPostCode4 -->
      </class> <!-- com.weather.tests.GetCityByPostCodeCountryTest -->
    </test> <!-- Default test -->
  </suite> <!-- Default suite -->
</testng-results>
