<?xml version="1.0" encoding="UTF-8"?>
<!-- Generated by org.testng.reporters.JUnitXMLReporter -->
<testsuite hostname="LAPTOP-PSCBQVN3" ignored="0" name="Default test" tests="4" failures="0" timestamp="2020-01-28T12:42:12 AEDT" time="4.863" errors="0">
  <testcase name="testGetByPostCode" time="2.84" classname="com.weather.tests.GetCityByPostCodeCountryTest"/>
  <testcase name="testGetByPostCode2" time="0.768" classname="com.weather.tests.GetCityByPostCodeCountryTest"/>
  <testcase name="testGetByPostCode3" time="0.608" classname="com.weather.tests.GetCityByPostCodeCountryTest"/>
  <testcase name="testGetByPostCode4" time="0.607" classname="com.weather.tests.GetCityByPostCodeCountryTest"/>
</testsuite> <!-- Default test -->
