<?xml version="1.0" encoding="UTF-8"?>
<!-- Generated by org.testng.reporters.JUnitXMLReporter -->
<testsuite hostname="LAPTOP-PSCBQVN3" ignored="0" name="Test" tests="3" failures="0" timestamp="2020-01-28T12:19:11 AEDT" time="3.947" errors="0">
  <testcase name="testGetByPostCode" time="2.679" classname="com.weather.tests.GetCityByLatNLogTest"/>
  <testcase name="testGetByPostCode" time="0.62" classname="com.weather.tests.GetCityByPostCodeTest"/>
  <testcase name="testGetByCityByName" time="0.61" classname="com.weather.tests.GetCityByNameTest"/>
</testsuite> <!-- Test -->
